Crashlog created at 2013-11-10 21:30:31 -0600

===== MESSAGE:

RuntimeError: Found 2 content files for content/resume; expected 0 or 1

===== COMPILATION STACK:

  (empty)

===== STACK TRACE:

  0. /Users/ebert/.rvm/gems/ruby-2.0.0-p247@rosa/gems/nanoc-3.6.5/lib/nanoc/data_sources/filesystem.rb:164:in `block in all_split_files_in'
  1. /Users/ebert/.rvm/gems/ruby-2.0.0-p247@rosa/gems/nanoc-3.6.5/lib/nanoc/data_sources/filesystem.rb:154:in `each_pair'
  2. /Users/ebert/.rvm/gems/ruby-2.0.0-p247@rosa/gems/nanoc-3.6.5/lib/nanoc/data_sources/filesystem.rb:154:in `all_split_files_in'
  3. /Users/ebert/.rvm/gems/ruby-2.0.0-p247@rosa/gems/nanoc-3.6.5/lib/nanoc/data_sources/filesystem.rb:78:in `load_objects'
  4. /Users/ebert/.rvm/gems/ruby-2.0.0-p247@rosa/gems/nanoc-3.6.5/lib/nanoc/data_sources/filesystem.rb:37:in `items'
  5. /Users/ebert/.rvm/gems/ruby-2.0.0-p247@rosa/gems/nanoc-3.6.5/lib/nanoc/base/source_data/site.rb:325:in `block in load_items'
  6. /Users/ebert/.rvm/gems/ruby-2.0.0-p247@rosa/gems/nanoc-3.6.5/lib/nanoc/base/source_data/site.rb:324:in `each'
  7. /Users/ebert/.rvm/gems/ruby-2.0.0-p247@rosa/gems/nanoc-3.6.5/lib/nanoc/base/source_data/site.rb:324:in `load_items'
  8. /Users/ebert/.rvm/gems/ruby-2.0.0-p247@rosa/gems/nanoc-3.6.5/lib/nanoc/base/source_data/site.rb:243:in `load'
  9. /Users/ebert/.rvm/gems/ruby-2.0.0-p247@rosa/gems/nanoc-3.6.5/lib/nanoc/base/source_data/site.rb:127:in `layouts'
  10. /Users/ebert/.rvm/gems/ruby-2.0.0-p247@rosa/gems/nanoc-3.6.5/lib/nanoc/base/compilation/compiler.rb:187:in `dependency_tracker'
  11. /Users/ebert/.rvm/gems/ruby-2.0.0-p247@rosa/gems/nanoc-3.6.5/lib/nanoc/base/memoization.rb:56:in `block in memoize'
  12. /Users/ebert/.rvm/gems/ruby-2.0.0-p247@rosa/gems/nanoc-3.6.5/lib/nanoc/base/compilation/compiler.rb:457:in `stores'
  13. /Users/ebert/.rvm/gems/ruby-2.0.0-p247@rosa/gems/nanoc-3.6.5/lib/nanoc/base/compilation/compiler.rb:146:in `unload'
  14. /Users/ebert/.rvm/gems/ruby-2.0.0-p247@rosa/gems/nanoc-3.6.5/lib/nanoc/base/source_data/site.rb:274:in `unload'
  15. /Users/ebert/.rvm/gems/ruby-2.0.0-p247@rosa/gems/nanoc-3.6.5/lib/nanoc/base/source_data/site.rb:254:in `rescue in load'
  16. /Users/ebert/.rvm/gems/ruby-2.0.0-p247@rosa/gems/nanoc-3.6.5/lib/nanoc/base/source_data/site.rb:258:in `load'
  17. /Users/ebert/.rvm/gems/ruby-2.0.0-p247@rosa/gems/nanoc-3.6.5/lib/nanoc/base/compilation/compiler.rb:117:in `load'
  18. /Users/ebert/.rvm/gems/ruby-2.0.0-p247@rosa/gems/nanoc-3.6.5/lib/nanoc/base/compilation/compiler.rb:82:in `run'
  19. /Users/ebert/.rvm/gems/ruby-2.0.0-p247@rosa/gems/nanoc-3.6.5/lib/nanoc/base/source_data/site.rb:58:in `compile'
  20. /Users/ebert/.rvm/gems/ruby-2.0.0-p247@rosa/gems/guard-nanoc-1.0.1/lib/guard/nanoc.rb:65:in `block in recompile'
  21. /Users/ebert/.rvm/gems/ruby-2.0.0-p247@rosa/gems/guard-nanoc-1.0.1/lib/guard/nanoc.rb:63:in `chdir'
  22. /Users/ebert/.rvm/gems/ruby-2.0.0-p247@rosa/gems/guard-nanoc-1.0.1/lib/guard/nanoc.rb:63:in `recompile'
  23. /Users/ebert/.rvm/gems/ruby-2.0.0-p247@rosa/gems/guard-nanoc-1.0.1/lib/guard/nanoc.rb:28:in `run_on_changes'
  24. /Users/ebert/.rvm/gems/ruby-2.0.0-p247@rosa/gems/guard-2.2.2/lib/guard/runner.rb:67:in `block in run_supervised_task'
  25. /Users/ebert/.rvm/gems/ruby-2.0.0-p247@rosa/gems/guard-2.2.2/lib/guard/runner.rb:65:in `catch'
  26. /Users/ebert/.rvm/gems/ruby-2.0.0-p247@rosa/gems/guard-2.2.2/lib/guard/runner.rb:65:in `run_supervised_task'
  27. /Users/ebert/.rvm/gems/ruby-2.0.0-p247@rosa/gems/guard-2.2.2/lib/guard/runner.rb:109:in `block in _run_first_task_found'
  28. /Users/ebert/.rvm/gems/ruby-2.0.0-p247@rosa/gems/guard-2.2.2/lib/guard/runner.rb:107:in `each'
  29. /Users/ebert/.rvm/gems/ruby-2.0.0-p247@rosa/gems/guard-2.2.2/lib/guard/runner.rb:107:in `_run_first_task_found'
  30. /Users/ebert/.rvm/gems/ruby-2.0.0-p247@rosa/gems/guard-2.2.2/lib/guard/runner.rb:47:in `block in run_on_changes'
  31. /Users/ebert/.rvm/gems/ruby-2.0.0-p247@rosa/gems/guard-2.2.2/lib/guard/runner.rb:140:in `block (3 levels) in _scoped_plugins'
  32. /Users/ebert/.rvm/gems/ruby-2.0.0-p247@rosa/gems/guard-2.2.2/lib/guard/runner.rb:138:in `each'
  33. /Users/ebert/.rvm/gems/ruby-2.0.0-p247@rosa/gems/guard-2.2.2/lib/guard/runner.rb:138:in `block (2 levels) in _scoped_plugins'
  34. /Users/ebert/.rvm/gems/ruby-2.0.0-p247@rosa/gems/guard-2.2.2/lib/guard/runner.rb:137:in `catch'
  35. /Users/ebert/.rvm/gems/ruby-2.0.0-p247@rosa/gems/guard-2.2.2/lib/guard/runner.rb:137:in `block in _scoped_plugins'
  36. /Users/ebert/.rvm/gems/ruby-2.0.0-p247@rosa/gems/guard-2.2.2/lib/guard/runner.rb:135:in `each'
  37. /Users/ebert/.rvm/gems/ruby-2.0.0-p247@rosa/gems/guard-2.2.2/lib/guard/runner.rb:135:in `_scoped_plugins'
  38. /Users/ebert/.rvm/gems/ruby-2.0.0-p247@rosa/gems/guard-2.2.2/lib/guard/runner.rb:40:in `run_on_changes'
  39. /Users/ebert/.rvm/gems/ruby-2.0.0-p247@rosa/gems/guard-2.2.2/lib/guard/setuper.rb:189:in `block (2 levels) in _setup_listener'
  40. /Users/ebert/.rvm/gems/ruby-2.0.0-p247@rosa/gems/guard-2.2.2/lib/guard/commander.rb:108:in `block in within_preserved_state'
  41. /Users/ebert/.rvm/gems/ruby-2.0.0-p247@rosa/gems/guard-2.2.2/lib/guard/commander.rb:105:in `synchronize'
  42. /Users/ebert/.rvm/gems/ruby-2.0.0-p247@rosa/gems/guard-2.2.2/lib/guard/commander.rb:105:in `within_preserved_state'
  43. /Users/ebert/.rvm/gems/ruby-2.0.0-p247@rosa/gems/guard-2.2.2/lib/guard/setuper.rb:188:in `block in _setup_listener'
  44. /Users/ebert/.rvm/gems/ruby-2.0.0-p247@rosa/gems/listen-2.2.0/lib/listen/listener.rb:136:in `call'
  45. /Users/ebert/.rvm/gems/ruby-2.0.0-p247@rosa/gems/listen-2.2.0/lib/listen/listener.rb:136:in `block in _wait_for_changes'
  46. /Users/ebert/.rvm/gems/ruby-2.0.0-p247@rosa/gems/listen-2.2.0/lib/listen/listener.rb:131:in `loop'
  47. /Users/ebert/.rvm/gems/ruby-2.0.0-p247@rosa/gems/listen-2.2.0/lib/listen/listener.rb:131:in `_wait_for_changes'
  ... 50 more lines omitted. See full crash log for details.

===== VERSION INFORMATION:

nanoc 3.6.5 © 2007-2013 Denis Defreyne.
Running ruby 2.0.0 (2013-06-27) on x86_64-darwin13.0.0 with RubyGems 2.0.13.

===== SYSTEM INFORMATION:

Darwin ebertAir.local 13.0.0 Darwin Kernel Version 13.0.0: Thu Sep 19 22:22:27 PDT 2013; root:xnu-2422.1.72~6/RELEASE_X86_64 x86_64

===== INSTALLED GEMS:

  adsf 1.1.1
  bundler 1.3.5
  celluloid 0.15.2
  coderay 1.0.9
  colored 1.2
  cri 2.4.0
  ffi 1.9.3
  formatador 0.2.4
  guard 2.2.2
  guard-nanoc 1.0.1
  listen 2.2.0
  lumberjack 1.0.4
  method_source 0.8.2
  nanoc 3.6.5
  pry 0.9.12.2
  rack 1.5.2
  rb-fsevent 0.9.3
  rb-inotify 0.9.2
  slop 3.4.6
  thor 0.18.1
  timers 1.1.0

===== ENVIRONMENT:

Apple_PubSub_Socket_Render => "/tmp/launch-HmdeQX/Render"
BUNDLE_BIN_PATH => "/Users/ebert/.rvm/gems/ruby-2.0.0-p247@global/gems/bundler-1.3.5/bin/bundle"
BUNDLE_GEMFILE => "/Users/ebert/Dropbox/projects/rosasanmarchi/Gemfile"
COLUMNS => "136"
DYLD_LIBRARY_PATH => "/usr/local/mysql/lib:/usr/local/mysql/lib:"
GEM_HOME => "/Users/ebert/.rvm/gems/ruby-2.0.0-p247@rosa"
GEM_PATH => "/Users/ebert/.rvm/gems/ruby-2.0.0-p247@rosa:/Users/ebert/.rvm/gems/ruby-2.0.0-p247@global"
GUARD_NOTIFIERS => "---\n- :name: :tmux\n  :options:\n    :silent: true\n- :name: :terminal_title\n  :options:\n    :silent: true\n"
GUARD_NOTIFY => "true"
HOME => "/Users/ebert"
IRBRC => "/Users/ebert/.rvm/rubies/ruby-2.0.0-p247/.irbrc"
LANG => "en_US.UTF-8"
LINES => "78"
LOGNAME => "ebert"
MY_RUBY_HOME => "/Users/ebert/.rvm/rubies/ruby-2.0.0-p247"
PATH => "/Users/ebert/.rvm/gems/ruby-2.0.0-p247@rosa/bin:/Users/ebert/.rvm/gems/ruby-2.0.0-p247@global/bin:/Users/ebert/.rvm/rubies/ruby-2.0.0-p247/bin:/Users/ebert/.rvm/bin:/usr/bin:/bin:/usr/sbin:/sbin:/usr/local/bin:/usr/local/git/bin:/Users/ebert/.bin:/usr/X11/bin:/usr/local/sbin:/Users/ebert/.lein/bin:/usr/local/mysql/bin"
PS1 => "\\n\\w$ "
PWD => "/Users/ebert/Dropbox/projects/rosasanmarchi"
RUBYOPT => "-I/Users/ebert/.rvm/gems/ruby-2.0.0-p247@global/gems/bundler-1.3.5/lib -rbundler/setup"
RUBY_VERSION => "ruby-2.0.0-p247"
SECURITYSESSIONID => "186a4"
SHELL => "/bin/bash"
SHLVL => "2"
SSH_AUTH_SOCK => "/tmp/launch-bGfDOP/Listeners"
TERM => "screen"
TERM_PROGRAM => "Apple_Terminal"
TERM_PROGRAM_VERSION => "326"
TERM_SESSION_ID => "6A08F91E-7F07-4987-AB5A-426E36181032"
TMPDIR => "/var/folders/rv/5m5rh_dx47qgvbtm18lfc7g00000gp/T/"
TMUX => "/private/var/folders/rv/5m5rh_dx47qgvbtm18lfc7g00000gp/T/tmux-502/default,2273,0"
TMUX_PANE => "%0"
USER => "ebert"
_ => "/Users/ebert/.rvm/gems/ruby-2.0.0-p247@rosa/bin/guard"
_ORIGINAL_GEM_PATH => "/Users/ebert/.rvm/gems/ruby-2.0.0-p247@rosa:/Users/ebert/.rvm/gems/ruby-2.0.0-p247@global"
__CF_USER_TEXT_ENCODING => "0x1F6:0:0"
__CHECKFIX1436934 => "1"
rvm_bin_path => "/Users/ebert/.rvm/bin"
rvm_delete_flag => "0"
rvm_path => "/Users/ebert/.rvm"
rvm_prefix => "/Users/ebert"
rvm_ruby_string => "ruby-2.0.0-p247"
rvm_sticky_flag => "1"
rvm_version => "1.22.2 (stable)"

===== GEMFILE.LOCK:

GEM
  remote: https://rubygems.org/
  specs:
    adsf (1.1.1)
      rack (>= 1.0.0)
    celluloid (0.15.2)
      timers (~> 1.1.0)
    coderay (1.0.9)
    colored (1.2)
    cri (2.4.0)
      colored (>= 1.2)
    ffi (1.9.3)
    formatador (0.2.4)
    guard (2.2.2)
      formatador (>= 0.2.4)
      listen (~> 2.1)
      lumberjack (~> 1.0)
      pry (>= 0.9.12)
      thor (>= 0.18.1)
    guard-nanoc (1.0.1)
      guard (>= 1.8.0)
      nanoc (>= 3.6.3)
    listen (2.2.0)
      celluloid (>= 0.15.2)
      rb-fsevent (>= 0.9.3)
      rb-inotify (>= 0.9)
    lumberjack (1.0.4)
    method_source (0.8.2)
    nanoc (3.6.5)
      cri (~> 2.3)
    pry (0.9.12.2)
      coderay (~> 1.0.5)
      method_source (~> 0.8)
      slop (~> 3.4)
    rack (1.5.2)
    rb-fsevent (0.9.3)
    rb-inotify (0.9.2)
      ffi (>= 0.5.0)
    slop (3.4.6)
    thor (0.18.1)
    timers (1.1.0)

PLATFORMS
  ruby

DEPENDENCIES
  adsf
  guard-nanoc
  nanoc

===== LOAD PATHS:

  0. /Users/ebert/.rvm/gems/ruby-2.0.0-p247@rosa/gems/guard-nanoc-1.0.1/lib
  1. /Users/ebert/.rvm/gems/ruby-2.0.0-p247@rosa/gems/nanoc-3.6.5/lib
  2. /Users/ebert/.rvm/gems/ruby-2.0.0-p247@rosa/gems/guard-2.2.2/lib
  3. /Users/ebert/.rvm/gems/ruby-2.0.0-p247@rosa/gems/thor-0.18.1/lib
  4. /Users/ebert/.rvm/gems/ruby-2.0.0-p247@rosa/gems/pry-0.9.12.2/lib
  5. /Users/ebert/.rvm/gems/ruby-2.0.0-p247@rosa/gems/slop-3.4.6/lib
  6. /Users/ebert/.rvm/gems/ruby-2.0.0-p247@rosa/gems/method_source-0.8.2/lib
  7. /Users/ebert/.rvm/gems/ruby-2.0.0-p247@rosa/gems/lumberjack-1.0.4/lib
  8. /Users/ebert/.rvm/gems/ruby-2.0.0-p247@rosa/gems/listen-2.2.0/lib
  9. /Users/ebert/.rvm/gems/ruby-2.0.0-p247@rosa/gems/rb-inotify-0.9.2/lib
  10. /Users/ebert/.rvm/gems/ruby-2.0.0-p247@rosa/gems/rb-fsevent-0.9.3/lib
  11. /Users/ebert/.rvm/gems/ruby-2.0.0-p247@rosa/gems/formatador-0.2.4/lib
  12. /Users/ebert/.rvm/gems/ruby-2.0.0-p247@rosa/gems/ffi-1.9.3/lib
  13. /Users/ebert/.rvm/gems/ruby-2.0.0-p247@rosa/gems/ffi-1.9.3/ext/ffi_c
  14. /Users/ebert/.rvm/gems/ruby-2.0.0-p247@rosa/gems/cri-2.4.0/lib
  15. /Users/ebert/.rvm/gems/ruby-2.0.0-p247@rosa/gems/colored-1.2/lib
  16. /Users/ebert/.rvm/gems/ruby-2.0.0-p247@rosa/gems/coderay-1.0.9/lib
  17. /Users/ebert/.rvm/gems/ruby-2.0.0-p247@rosa/gems/celluloid-0.15.2/lib
  18. /Users/ebert/.rvm/gems/ruby-2.0.0-p247@rosa/gems/timers-1.1.0/lib
  19. /Users/ebert/.rvm/gems/ruby-2.0.0-p247@rosa/gems/adsf-1.1.1/lib
  20. /Users/ebert/.rvm/gems/ruby-2.0.0-p247@rosa/gems/rack-1.5.2/lib
  21. /Users/ebert/.rvm/gems/ruby-2.0.0-p247@global/gems/bundler-1.3.5/lib
  22. /Users/ebert/.rvm/rubies/ruby-2.0.0-p247/lib/ruby/site_ruby/2.0.0
  23. /Users/ebert/.rvm/rubies/ruby-2.0.0-p247/lib/ruby/site_ruby/2.0.0/x86_64-darwin13.0.0
  24. /Users/ebert/.rvm/rubies/ruby-2.0.0-p247/lib/ruby/site_ruby
  25. /Users/ebert/.rvm/rubies/ruby-2.0.0-p247/lib/ruby/vendor_ruby/2.0.0
  26. /Users/ebert/.rvm/rubies/ruby-2.0.0-p247/lib/ruby/vendor_ruby/2.0.0/x86_64-darwin13.0.0
  27. /Users/ebert/.rvm/rubies/ruby-2.0.0-p247/lib/ruby/vendor_ruby
  28. /Users/ebert/.rvm/rubies/ruby-2.0.0-p247/lib/ruby/2.0.0
  29. /Users/ebert/.rvm/rubies/ruby-2.0.0-p247/lib/ruby/2.0.0/x86_64-darwin13.0.0
